VALLEY GIRLS
TYPHOONS
TSUNAMI
TORNADOES
TIGERS
TERMINATORS
TEAM BUBBLICIOUS
TANGERINES
SURF MONKEYS
SUNSHINE SHOOTERS
SUGER BEES
STONE CRUSHERS
STARS
SPRINTERS
SPEED DEMONS
SPACE BABES
SOCCER SISTERS
SOCCER ANGELS
SMURF-U
SLAMMER
SILVER STRIKE
SILVER JETS
SHOCKWAVE
SERPENTS
SCORCHERS
MUTINY
MOHAWKS
MIGHTY SONS
MIGHTY GRASSHOPPERS
MIDNIGHT MADNESS
MEAN GREEN ALIENS
MANTIS
FUSION
FORTY-NINERS
FLAMES
FLAMING TIGERS
FIREBALLS
FIRE ANGELS
FARIA FARMS
ATOMIC ICE
ANTEATERS
AMERICAN EAGLES
ALIEN PANTHERS ALIENS 
Cei 4 fantastici
TNT
Elixir Junior
Pic si Poc
Flavius*2
Clanu Nicula
4Team
Shooting Stars
Wonder Women
Gangs of New Pork
Honey Badgers
Son of Pitch
The Waiver Wire
