VALLEY GIRLS
TWISTING TORNADOES
TOUCANS
TIMBERWOLVES
TERMINATORS
TEAL TITANS
SWEETHEARTS
SUPER POWER GIRLS
SUGER BEES
STINGRAYS
STAR SHOOTERS
SPEEDY TURTLES
SPACE BABES
SOCCER DIVAS
SNOW DEVILS
SLICK CHICS
SILVER STRIKE
SILVER BUTTERFLIES
SHARKS
SCORPIONS
MUTINY
MIND TRIP
MIGHTY PANTHERS
MIDNIGHT RAIDERS
MEAN GREEN ALIENS
MANARCHS
FUGITIVES
FLASH
FLAMING TIGERS
FIRE STRIKERS
FIGHTING IRISH 
AVALANCHE
ANTEATERS
AMERICAN BABES
0% ANGELS 
Winner
Elixir Junior
Legalize
Savage
The Skyrynners
Shooting Stars
The Abusement Park
Chafing the Dream
The Big Egos
The Waiver Wire
