VIPERS
VALLEY GIRLS
UN MELLOW YELLOW
TWISTING TORNADOES
TUFF-E-NUFF
TOUCANS
TOO HOT
TIMBERWOLVES
TIDAL WAVES
TERMINATORS
TEAM ROCKETS
TEAL TITANS
TARANTULAS
SWEETHEARTS
SUPER STARS
SUPER POWER GIRLS
SUNFLOWER GIRLS
SUGER BEES
STRIKERS
STINGRAYS
STATIC X
STAR SHOOTERS
SPLASH
SPEEDY TURTLES
SPARK PLUGS
SPACE BABES
SOCCER STARS
SOCCER DIVAS
SOCCER BEES
SNOW DEVILS
SMASHING PUMPKINS
SLICK CHICS
SILVER X- TREME
SILVER STRIKE
SILVER PANTHERS
SILVER BUTTERFLIES
SHOOTING COMETS
SHARKS
SECURITY SMURFS
SCORPIONS
SABRES
MUTINY
MONEY
MIND TRIP
MIGHTY STINGRAYS
MIGHTY PANTHERS
MIGHTY DUCKS
MIDNIGHT RAIDERS
MERCENARIES
MEAN GREEN ALIENS
MAROON MADNESS
MANARCHS
MAD DOGS
FUGITIVES
FLYING DRAGONS
FLASH
FLAME BOYS
FLAMING TIGERS
FIRE CRACKERS
FIRE STRIKERS
FIRE ANTS
FIGHTING IRISH 
FALCONS
AVALANCHE
ASH KICKERS
ANTEATERS
ANACONDAS
AMERICAN BABES
ALIGATORS 
0% ANGELS 
Cei 3 muschetari
Winner
Mistretii Atomici
Elixir Junior
Black swans
Legalize
Pufuletii
Savage
Konfetti
The Skyrynners
MO si F.O.C.A
Shooting Stars
Defending Champs
The Abusement Park
Chunky Monkees
Chafing the Dream
Ibuprofen and Ben Gay
The Big Egos
Vandelay Industries
The Waiver Wire
