VELOCE CHICKS
USA HOT CHICKS
UN MELLOW YELLOW
TYPHOONS
TULIPS
TROPICAL STORM
TOUCANS
TONYs TIGERSSS
TITANS
TIGERS
TIDAL WAVES
TERRIFIC TIGERS
TEH DRAGONS
TEAM USA
TEAM DYNAMITE
TEAL TITANS
TAZMANIACS
TANGERINES
T -BIRDS
SURGE
SUPER STARS
SUPER GIRLS
SUNKISSED
SUN CHICKS
SUGER BEES
STRIKING COBRAS
STRIKE FORCE
STINKY CHEESE
STATIC X
STARFISH
STAR JETS MACH I
SPRINTERS
SPITFIRE
SPEEDY TURTLES
SPEED DEMONS
SPARKS
SOUL TAKERS
SOUR APPLE
SOCCER CHICKS
SOC-R-MON
SNOW DEVILS
SMASHING CLOVERS
SLIME GREEN SCORPIONS
SILVER X- TREME
SILVER SURFERS
SILVER SHARKS
SILVER KNIGHTS
SILVER BUTTERFLIES
SHOCKWAVE
SHARK ATTACK
SECURITY SMURFS
SCREAMING EAGLES
SCORING ANGELS
MUTINY
MONSOON
MONARCHS
MIRAGE
MILLENNIUM JUMPERS
MIGHTY STINGRAYS
MIGHTY RAPTORS
MIGHTY MERMAIDS
MIGHTY GRASSHOPPERS
MIDNIGHT RAIDERS
MIDNIGHT EXPRESS
MENEHUNES
MEAN GREEN FIGHTING MACHINE
MASTER MEWTWO
MAROON MADNESS
MANTIS
MAJOR TROUBLE 
MAGENTA RAVENS
FURY GIRLS
FUGITIVES
FORCE 
FLYERS
FLASH BACK
FLAME BOYS
FIRE KRAKERS
FLAMING HOT CHEETOS
FIRE CRACKER
FIREBIRDS
FIRE STRIKERS
FIRE BLASTERS
FIRE ANGELS
FIGHTING TIGERS
FEISTY CHICKS
FALCONS
AWESOME BLOSSOMS
ATOMS
ATLAS
ARSENAL
ANGELS GONE BAD
AMERICAN WOMAN
AMERICAN BEAUTIES
ALMOST ANGELS
ALIGATORS 
AGUlLAS
Hellacious Hackers
Cei 4 fantastici
Fanstasticii
Winner
Spartanii
Monster
Albus si Galbenus
L & M
Black swans
Pic si Poc
No Fear
Do Not Stop
Free runing boys
Savage
Bestialele
Night Eagels
Fratii Caramida
4Team
MO si F.O.C.A
Land Sharks
Ferocious Killers
Young Tarts and Old Farts
The Abusement Park
Civil Disobedients
Gangs of New Pork
Magnificent Maniacs
Awkward Armadillos
Ibuprofen and Ben Gay
Fargo Woodchippers
Menace to Sobriety
The Waiver Wire
