USA HOT CHICKS
TYPHOONS
TULIPS
TOUCANS
TIGERS
TERRIFIC TIGERS
TEAM USA
TEAL TITANS
TANGERINES
SURGE
SUNKISSED
SUGER BEES
STRIKE FORCE
STARFISH
SPRINTERS
SPEEDY TURTLES
SPARKS
SOUR APPLE
SNOW DEVILS
SMASHING CLOVERS
SILVER SURFERS
SILVER SHARKS
SILVER BUTTERFLIES
SHARK ATTACK
SCREAMING EAGLES
SABOTAGE
MONARCHS
MILLENNIUM JUMPERS
MIGHTY RAPTORS
MIGHTY GRASSHOPPERS
MENEHUNES
MASTER MEWTWO
MANTIS
MAGENTA RAVENS
FUGITIVES
FLYERS
FIRE KRAKERS
FIRE CRACKER
FIRE STRIKERS
FIRE ANGELS
FEISTY CHICKS
AWESOME BLOSSOMS
ATLAS
ANTEATERS
AMERICAN WOMAN
ALMOST ANGELS
AGUlLAS
Cei 4 fantastici
Winner
Monster
L & M
Pic si Poc
Do Not Stop
Savage
Night Eagels
4Team
Jiga Dragos
Ferocious Killers
The Abusement Park
Gangs of New Pork
Awkward Armadillos
Fargo Woodchippers
We Got the Runs
The Waiver Wire
