VENOM
VALLEY GIRLS
UL TRA VIOLETS
TULIPS
TSUNAMI
TOUCANS
TLC
TIMBERWOLVES
TIGERS
TIGER LlLL YS
TERRIFIC TIGERS
TERMINATORS
TEEIE WAHINES
TEAM KAOS
TEAM BUBBLICIOUS
TEAL TITANS
TAZMANIAN DEVILS
TANGERINES
T -DAWGS
SWEETHEARTS
SUNKISSED
SUGAR PLUMS
SUGER BEES
STRIKING CANDY CANES
STRIKE FORCE
STARS
STARFISH
STAR SHOOTERS
STAR BURSTS
SPRINTERS
SPITFIRES
SPEEDY TURTLES
SPEED DEMONS
SPEED
SPACE BABES
SOCCER DIVAS
SOCCER ANGELS
SMURF-U
SILVER STARS
SILVER SHARKS
SILVER JETS
SILVER BUTTERFLIES
SHARK ATTACK
SERPENTS
SEALS
MYSTICS
MUD DOGS
MONARCHS
MOHAWKS
MIND TRIP
MIGHTY RAPTORS
MIGHTY MANIACS
MIGHTY GRASSHOPPERS
MIGHTY BLUE ANGELS
MERCURY
MEAN GREEN GECKOS
MEAN GREEN ALIENS
MAROON MONKEYS
MARLINS
MANTIS
MAG PIES
MAGENTA RAVENS
FUSION
FUGITIVES
FRAZZLE DAZZLE
FLYERS
FLASH
FLAME KICKERS
FIRE KRAKERS
FLAMING TIGERS
FLAMING DRAGONS
FIREBOLTS
FIREBALLS
FIRE STRIKERS
FIRE GIRLS
FIRE BALLS
FIRE ANGELS
FIRE
FIGHTING IRISH 
FARIA FARMS
FALCON
AVALANCHE
ATOMIC ICE
ARSENALS 
ANGELS WITH ATTITUDE
ANGELS 
AMERICAN EAGLES
ALMOST ANGELS
ALLIGATORS 
ALIEN PANTHERS ALIENS 
AGUlLAS
0% ANGELS 
Fratii Camataru
Cei 4 fantastici
Cercetasele
Sirenele
Winner
TNT
Cota 50
Monster
Cozonacu si Stomacu
L & M
Big Hands Hit Hard
Pic si Poc
Legalize
Do Not Stop
Flavius*2
Eugenia
Clanu Nicula
Night Eagels
The Skyrynners
4Team
Castigatorii
Extrem Boys
Shooting Stars
Fear the Fearless
Ferocious Killers
Goal Diggers
Wonder Women
The Abusement Park
The Drifters
Mad Cow Disease
Gangs of New Pork
Chafing the Dream
Honey Badgers
Between a Walk and a Hard Pace
The Big Egos
The Waiver Wire

--- ROUND NO:1
VOLCANO BLASTERS   VOLCANO BLASTERS